<?xml version="1.0" encoding="UTF-8"?>
<!-- Generated by org.testng.reporters.JUnitReportReporter -->
<testsuite hostname="DESKTOP-HIQ2IVV" failures="0" tests="2" name="com.orangehrm.tests.LogoutTest" time="19.305" errors="0" timestamp="2025-03-13T12:47:33 IST" skipped="0">
  <testcase classname="com.orangehrm.tests.LogoutTest" name="testLogout" time="9.699"/>
  <testcase classname="com.orangehrm.tests.LogoutTest" name="verifyAdminPanelDisplay" time="9.606"/>
</testsuite> <!-- com.orangehrm.tests.LogoutTest -->
