<?xml version="1.0" encoding="UTF-8"?>
<!-- Generated by org.testng.reporters.JUnitReportReporter -->
<testsuite hostname="DESKTOP-HIQ2IVV" failures="0" tests="2" name="com.orangehrm.tests.LoginTest" time="17.161" errors="0" timestamp="2025-03-13T12:51:05 IST" skipped="0">
  <testcase classname="com.orangehrm.tests.LoginTest" name="testValidLogin" time="9.573"/>
  <testcase classname="com.orangehrm.tests.LoginTest" name="testDashboardAccessibility" time="7.588"/>
</testsuite> <!-- com.orangehrm.tests.LoginTest -->
