<?xml version="1.0" encoding="UTF-8"?>
<!-- Generated by org.testng.reporters.JUnitReportReporter -->
<testsuite hostname="DESKTOP-HIQ2IVV" failures="0" tests="1" name="com.orangehrm.tests.LoginTest" time="3.682" errors="0" timestamp="2025-03-12T16:33:58 IST" skipped="0">
  <testcase classname="com.orangehrm.tests.LoginTest" name="testValidLogin" time="3.682"/>
  <system-out/>
</testsuite> <!-- com.orangehrm.tests.LoginTest -->
