<?xml version="1.0" encoding="UTF-8"?>
<!-- Generated by org.testng.reporters.JUnitReportReporter -->
<testsuite hostname="DESKTOP-HIQ2IVV" failures="0" tests="2" name="com.orangehrm.tests.LogoutTest" time="33.275" errors="0" timestamp="2025-03-13T15:50:44 IST" skipped="0">
  <testcase classname="com.orangehrm.tests.LogoutTest" name="testLogout" time="17.497"/>
  <testcase classname="com.orangehrm.tests.LogoutTest" name="verifyAdminPanelDisplay" time="15.778"/>
</testsuite> <!-- com.orangehrm.tests.LogoutTest -->
