<?xml version="1.0" encoding="UTF-8"?>
<!-- Generated by org.testng.reporters.JUnitReportReporter -->
<testsuite hostname="DESKTOP-HIQ2IVV" failures="0" tests="5" name="com.orangehrm.tests.LoginTest" time="179.974" errors="0" timestamp="2025-03-13T15:50:44 IST" skipped="1">
  <testcase classname="com.orangehrm.tests.LoginTest" name="testValidLogin" time="16.407"/>
  <testcase classname="com.orangehrm.tests.LoginTest" name="testForgetPasswordLinkDisplay" time="14.080"/>
  <testcase classname="com.orangehrm.tests.LoginTest" name="testInvalidLogin" time="11.770"/>
  <testcase classname="com.orangehrm.tests.LoginTest" name="testDashboardAccessibility" time="24.608">
    <skipped/>
  </testcase> <!-- testDashboardAccessibility -->
  <testcase classname="com.orangehrm.tests.LoginTest" name="testDashboardAccessibility" time="113.109"/>
</testsuite> <!-- com.orangehrm.tests.LoginTest -->
